<?xml version="1.0" encoding="UTF-8"?>
<!-- Generated by org.testng.reporters.JUnitReportReporter -->
<testsuite hostname="DESKTOP-IDB4V0D" failures="0" tests="2" name="cartCheckout.SettingsJewelryWeddingItems" time="42.404" errors="0" timestamp="2025-05-22T10:23:42 IST" skipped="1">
  <testcase classname="cartCheckout.SettingsJewelryWeddingItems" name="cancelProductsFromCart" time="33.885"/>
  <system-out/>
  <testcase classname="cartCheckout.SettingsJewelryWeddingItems" name="cancelProductsFromCart" time="8.519">
    <skipped/>
  </testcase> <!-- cancelProductsFromCart -->
  <system-out/>
</testsuite> <!-- cartCheckout.SettingsJewelryWeddingItems -->
