<?xml version="1.0" encoding="UTF-8"?>
<!-- Generated by org.testng.reporters.JUnitReportReporter -->
<testsuite hostname="DESKTOP-IDB4V0D" failures="0" tests="1" name="library.com.InPersonLocationDropdown" time="161.425" errors="0" timestamp="2025-05-20T16:59:47 IST" skipped="0">
  <testcase classname="library.com.InPersonLocationDropdown" name="bookingAppointments" time="161.425"/>
  <system-out/>
</testsuite> <!-- library.com.InPersonLocationDropdown -->
