<?xml version="1.0" encoding="UTF-8"?>
<!-- Generated by org.testng.reporters.JUnitReportReporter -->
<testsuite hostname="DESKTOP-IDB4V0D" failures="0" tests="2" name="cartCheckout.MultipleProductsToCheckout" time="66.325" errors="0" timestamp="2025-04-23T11:01:06 IST" skipped="1">
  <testcase classname="cartCheckout.MultipleProductsToCheckout" name="addingMultipleProductsToCheckout" time="29.633">
    <skipped/>
  </testcase> <!-- addingMultipleProductsToCheckout -->
  <system-out/>
  <testcase classname="cartCheckout.MultipleProductsToCheckout" name="addingMultipleProductsToCheckout" time="36.692"/>
  <system-out/>
</testsuite> <!-- cartCheckout.MultipleProductsToCheckout -->
