<?xml version="1.0" encoding="UTF-8"?>
<!-- Generated by org.testng.reporters.JUnitReportReporter -->
<testsuite hostname="DESKTOP-IDB4V0D" failures="0" tests="1" name="weddings.library.com.MenWeddingBands" time="13.328" errors="0" timestamp="2025-04-02T10:48:00 IST" skipped="0">
  <testcase classname="weddings.library.com.MenWeddingBands" name="menWeddingBands" time="13.328"/>
  <system-out/>
</testsuite> <!-- weddings.library.com.MenWeddingBands -->
