<?xml version="1.0" encoding="UTF-8"?>
<!-- Generated by org.testng.reporters.JUnitReportReporter -->
<testsuite hostname="DESKTOP-IDB4V0D" failures="0" tests="1" name="jewelry.com.EarRings" time="28.503" errors="0" timestamp="2025-04-10T14:56:13 IST" skipped="0">
  <testcase classname="jewelry.com.EarRings" name="jewelryEarRingFlow" time="28.503"/>
  <system-out/>
</testsuite> <!-- jewelry.com.EarRings -->
