<?xml version="1.0" encoding="UTF-8"?>
<!-- Generated by org.testng.reporters.JUnitReportReporter -->
<testsuite hostname="DESKTOP-IDB4V0D" failures="0" tests="1" name="jewelry.com.GiftGuide" time="21.244" errors="0" timestamp="2025-05-20T12:24:19 IST" skipped="0">
  <testcase classname="jewelry.com.GiftGuide" name="giftGuideFlow" time="21.244"/>
  <system-out/>
</testsuite> <!-- jewelry.com.GiftGuide -->
