<?xml version="1.0" encoding="UTF-8"?>
<!-- Generated by org.testng.reporters.JUnitReportReporter -->
<testsuite hostname="DESKTOP-IDB4V0D" failures="0" tests="2" name="library.com.EngagementSettingFlow" time="41.870" errors="0" timestamp="2025-05-27T10:37:16 IST" skipped="1">
  <testcase classname="library.com.EngagementSettingFlow" name="startWithASetting" time="29.298"/>
  <system-out/>
  <testcase classname="library.com.EngagementSettingFlow" name="startWithASetting" time="12.572">
    <skipped/>
  </testcase> <!-- startWithASetting -->
  <system-out/>
</testsuite> <!-- library.com.EngagementSettingFlow -->
