<?xml version="1.0" encoding="UTF-8"?>
<!-- Generated by org.testng.reporters.JUnitReportReporter -->
<testsuite hostname="DESKTOP-IDB4V0D" failures="0" tests="1" name="library.com.InPersonLocationDropdown" time="140.023" errors="0" timestamp="2025-05-21T21:19:19 IST" skipped="0">
  <testcase classname="library.com.InPersonLocationDropdown" name="bookingAppointments" time="140.023"/>
  <system-out/>
</testsuite> <!-- library.com.InPersonLocationDropdown -->
