<?xml version="1.0" encoding="UTF-8"?>
<!-- Generated by org.testng.reporters.JUnitReportReporter -->
<testsuite hostname="DESKTOP-IDB4V0D" failures="0" tests="1" name="cartCheckout.SWADJewelry" time="44.737" errors="0" timestamp="2025-04-23T11:01:06 IST" skipped="0">
  <testcase classname="cartCheckout.SWADJewelry" name="removingProductsfromCart" time="44.737"/>
  <system-out/>
</testsuite> <!-- cartCheckout.SWADJewelry -->
