<?xml version="1.0" encoding="UTF-8"?>
<!-- Generated by org.testng.reporters.JUnitReportReporter -->
<testsuite hostname="DESKTOP-IDB4V0D" failures="0" tests="1" name="weddings.library.com.StackingRings" time="22.629" errors="0" timestamp="2025-04-02T10:46:15 IST" skipped="0">
  <testcase classname="weddings.library.com.StackingRings" name="stackingRingsFlow" time="22.629"/>
  <system-out/>
</testsuite> <!-- weddings.library.com.StackingRings -->
