<?xml version="1.0" encoding="UTF-8"?>
<!-- Generated by org.testng.reporters.JUnitReportReporter -->
<testsuite hostname="DESKTOP-IDB4V0D" failures="0" tests="2" name="cartCheckout.RemovingJewelryProducts" time="70.772" errors="0" timestamp="2025-04-23T11:01:06 IST" skipped="1">
  <testcase classname="cartCheckout.RemovingJewelryProducts" name="removingJewelryProductsFromCart" time="53.257"/>
  <system-out/>
  <testcase classname="cartCheckout.RemovingJewelryProducts" name="removingJewelryProductsFromCart" time="17.515">
    <skipped/>
  </testcase> <!-- removingJewelryProductsFromCart -->
  <system-out/>
</testsuite> <!-- cartCheckout.RemovingJewelryProducts -->
