<?xml version="1.0" encoding="UTF-8"?>
<!-- Generated by org.testng.reporters.JUnitReportReporter -->
<testsuite hostname="DESKTOP-IDB4V0D" failures="0" tests="2" name="cartCheckout.DiamondsCombinationToCart" time="60.649" errors="0" timestamp="2025-05-20T16:59:47 IST" skipped="1">
  <testcase classname="cartCheckout.DiamondsCombinationToCart" name="defaultDiamondAndNormalDiamonds" time="22.265">
    <skipped/>
  </testcase> <!-- defaultDiamondAndNormalDiamonds -->
  <system-out/>
  <testcase classname="cartCheckout.DiamondsCombinationToCart" name="defaultDiamondAndNormalDiamonds" time="38.384"/>
  <system-out/>
</testsuite> <!-- cartCheckout.DiamondsCombinationToCart -->
