<?xml version="1.0" encoding="UTF-8"?>
<!-- Generated by org.testng.reporters.JUnitReportReporter -->
<testsuite hostname="DESKTOP-IDB4V0D" failures="0" tests="1" name="weddings.library.com.MenWeddingBands" time="18.481" errors="0" timestamp="2025-05-27T10:37:16 IST" skipped="0">
  <testcase classname="weddings.library.com.MenWeddingBands" name="menWeddingBands" time="18.481"/>
  <system-out/>
</testsuite> <!-- weddings.library.com.MenWeddingBands -->
