<?xml version="1.0" encoding="UTF-8"?>
<!-- Generated by org.testng.reporters.JUnitReportReporter -->
<testsuite hostname="DESKTOP-IDB4V0D" failures="0" tests="2" name="cartCheckout.RemovingJewelryProducts" time="69.733" errors="0" timestamp="2025-05-20T16:59:47 IST" skipped="1">
  <testcase classname="cartCheckout.RemovingJewelryProducts" name="removingJewelryProductsFromCart" time="47.726"/>
  <system-out/>
  <testcase classname="cartCheckout.RemovingJewelryProducts" name="removingJewelryProductsFromCart" time="22.007">
    <skipped/>
  </testcase> <!-- removingJewelryProductsFromCart -->
  <system-out/>
</testsuite> <!-- cartCheckout.RemovingJewelryProducts -->
