<?xml version="1.0" encoding="UTF-8"?>
<!-- Generated by org.testng.reporters.JUnitReportReporter -->
<testsuite hostname="DESKTOP-IDB4V0D" failures="0" tests="1" name="cartCheckout.SettingsJewelryWeddingItems" time="31.025" errors="0" timestamp="2025-04-25T10:45:22 IST" skipped="0">
  <testcase classname="cartCheckout.SettingsJewelryWeddingItems" name="cancelProductsFromCart" time="31.025"/>
  <system-out/>
</testsuite> <!-- cartCheckout.SettingsJewelryWeddingItems -->
