<?xml version="1.0" encoding="UTF-8"?>
<!-- Generated by org.testng.reporters.JUnitReportReporter -->
<testsuite hostname="DESKTOP-IDB4V0D" failures="0" tests="1" name="weddings.library.com.AnniversaryRings" time="33.502" errors="0" timestamp="2025-05-20T16:59:47 IST" skipped="0">
  <testcase classname="weddings.library.com.AnniversaryRings" name="anniversaryRingFlow" time="33.502"/>
  <system-out/>
</testsuite> <!-- weddings.library.com.AnniversaryRings -->
