<?xml version="1.0" encoding="UTF-8"?>
<!-- Generated by org.testng.reporters.JUnitReportReporter -->
<testsuite hostname="DESKTOP-IDB4V0D" failures="0" tests="1" name="library.com.EngagementDiamondFlow" time="25.435" errors="0" timestamp="2025-04-02T10:46:15 IST" skipped="0">
  <testcase classname="library.com.EngagementDiamondFlow" name="startWithADiamond" time="25.435"/>
  <system-out/>
</testsuite> <!-- library.com.EngagementDiamondFlow -->
