<?xml version="1.0" encoding="UTF-8"?>
<!-- Generated by org.testng.reporters.JUnitReportReporter -->
<testsuite hostname="DESKTOP-IDB4V0D" failures="0" tests="1" name="cartCheckout.MultipleProductsToCheckout" time="41.197" errors="0" timestamp="2025-05-22T10:23:42 IST" skipped="0">
  <testcase classname="cartCheckout.MultipleProductsToCheckout" name="addingMultipleProductsToCheckout" time="41.197"/>
  <system-out/>
</testsuite> <!-- cartCheckout.MultipleProductsToCheckout -->
