<?xml version="1.0" encoding="UTF-8"?>
<!-- Generated by org.testng.reporters.JUnitReportReporter -->
<testsuite hostname="DESKTOP-IDB4V0D" failures="0" tests="2" name="weddings.library.com.MenWeddingBands" time="27.820" errors="0" timestamp="2025-04-23T11:01:06 IST" skipped="1">
  <testcase classname="weddings.library.com.MenWeddingBands" name="menWeddingBands" time="19.675"/>
  <system-out/>
  <testcase classname="weddings.library.com.MenWeddingBands" name="menWeddingBands" time="8.145">
    <skipped/>
  </testcase> <!-- menWeddingBands -->
  <system-out/>
</testsuite> <!-- weddings.library.com.MenWeddingBands -->
