<?xml version="1.0" encoding="UTF-8"?>
<!-- Generated by org.testng.reporters.JUnitReportReporter -->
<testsuite hostname="DESKTOP-IDB4V0D" failures="0" tests="2" name="weddings.library.com.MenWeddingBands" time="26.402" errors="0" timestamp="2025-05-22T16:27:10 IST" skipped="1">
  <testcase classname="weddings.library.com.MenWeddingBands" name="menWeddingBands" time="18.281"/>
  <system-out/>
  <testcase classname="weddings.library.com.MenWeddingBands" name="menWeddingBands" time="8.121">
    <skipped/>
  </testcase> <!-- menWeddingBands -->
  <system-out/>
</testsuite> <!-- weddings.library.com.MenWeddingBands -->
