<?xml version="1.0" encoding="UTF-8"?>
<!-- Generated by org.testng.reporters.JUnitReportReporter -->
<testsuite hostname="DESKTOP-IDB4V0D" failures="0" tests="2" name="library.com.EngagementSettingFlow" time="34.828" errors="0" timestamp="2025-05-22T16:27:10 IST" skipped="1">
  <testcase classname="library.com.EngagementSettingFlow" name="startWithASetting" time="26.267"/>
  <system-out/>
  <testcase classname="library.com.EngagementSettingFlow" name="startWithASetting" time="8.561">
    <skipped/>
  </testcase> <!-- startWithASetting -->
  <system-out/>
</testsuite> <!-- library.com.EngagementSettingFlow -->
