<?xml version="1.0" encoding="UTF-8"?>
<!-- Generated by org.testng.reporters.JUnitReportReporter -->
<testsuite hostname="DESKTOP-IDB4V0D" failures="0" tests="1" name="weddings.library.com.AnniversaryRings" time="27.270" errors="0" timestamp="2025-05-27T10:37:16 IST" skipped="0">
  <testcase classname="weddings.library.com.AnniversaryRings" name="anniversaryRingFlow" time="27.270"/>
  <system-out/>
</testsuite> <!-- weddings.library.com.AnniversaryRings -->
