<?xml version="1.0" encoding="UTF-8"?>
<!-- Generated by org.testng.reporters.JUnitReportReporter -->
<testsuite hostname="DESKTOP-IDB4V0D" failures="0" tests="1" name="cartCheckout.SettingsJewelryWeddingItems" time="50.224" errors="0" timestamp="2025-04-10T11:20:07 IST" skipped="0">
  <testcase classname="cartCheckout.SettingsJewelryWeddingItems" name="cancelProductsFromCart" time="50.224"/>
  <system-out/>
</testsuite> <!-- cartCheckout.SettingsJewelryWeddingItems -->
