<?xml version="1.0" encoding="UTF-8"?>
<!-- Generated by org.testng.reporters.JUnitReportReporter -->
<testsuite hostname="DESKTOP-IDB4V0D" failures="0" tests="1" name="utils.com.FDUtils" time="8.790" errors="0" timestamp="2025-03-05T17:32:49 IST" skipped="0">
  <testcase classname="utils.com.FDUtils" name="launchUrl" time="8.790"/>
  <system-out/>
</testsuite> <!-- utils.com.FDUtils -->
