<?xml version="1.0" encoding="UTF-8"?>
<!-- Generated by org.testng.reporters.JUnitReportReporter -->
<testsuite hostname="DESKTOP-IDB4V0D" failures="0" tests="1" name="library.com.LocationDropdown" time="150.182" errors="0" timestamp="2025-05-06T12:15:50 IST" skipped="0">
  <testcase classname="library.com.LocationDropdown" name="bookingAppointments" time="150.182"/>
  <system-out/>
</testsuite> <!-- library.com.LocationDropdown -->
