<?xml version="1.0" encoding="UTF-8"?>
<!-- Generated by org.testng.reporters.JUnitReportReporter -->
<testsuite hostname="DESKTOP-IDB4V0D" failures="0" tests="1" name="jewelry.com.NecklaceWithDefaultDiamond" time="30.746" errors="0" timestamp="2025-05-27T10:37:16 IST" skipped="0">
  <testcase classname="jewelry.com.NecklaceWithDefaultDiamond" name="NecklaceDefaultDiamondFlow" time="30.746"/>
  <system-out/>
</testsuite> <!-- jewelry.com.NecklaceWithDefaultDiamond -->
