<?xml version="1.0" encoding="UTF-8"?>
<!-- Generated by org.testng.reporters.JUnitReportReporter -->
<testsuite hostname="DESKTOP-IDB4V0D" failures="0" tests="2" name="jewelry.com.NecklacesFlow" time="53.938" errors="0" timestamp="2025-04-25T10:45:22 IST" skipped="1">
  <testcase classname="jewelry.com.NecklacesFlow" name="jewelryEarRingFlow" time="34.777"/>
  <system-out/>
  <testcase classname="jewelry.com.NecklacesFlow" name="jewelryEarRingFlow" time="19.161">
    <skipped/>
  </testcase> <!-- jewelryEarRingFlow -->
  <system-out/>
</testsuite> <!-- jewelry.com.NecklacesFlow -->
