<?xml version="1.0" encoding="UTF-8"?>
<!-- Generated by org.testng.reporters.JUnitReportReporter -->
<testsuite hostname="DESKTOP-IDB4V0D" failures="0" tests="1" name="jewelry.com.EarRings" time="34.538" errors="0" timestamp="2025-05-20T16:59:47 IST" skipped="0">
  <testcase classname="jewelry.com.EarRings" name="jewelryEarRingFlow" time="34.538"/>
  <system-out/>
</testsuite> <!-- jewelry.com.EarRings -->
