<?xml version="1.0" encoding="UTF-8"?>
<!-- Generated by org.testng.reporters.JUnitReportReporter -->
<testsuite hostname="DESKTOP-IDB4V0D" failures="0" tests="1" name="weddings.library.com.MenWeddingBands" time="19.794" errors="0" timestamp="2025-05-22T13:07:18 IST" skipped="0">
  <testcase classname="weddings.library.com.MenWeddingBands" name="menWeddingBands" time="19.794"/>
  <system-out/>
</testsuite> <!-- weddings.library.com.MenWeddingBands -->
