<?xml version="1.0" encoding="UTF-8"?>
<!-- Generated by org.testng.reporters.JUnitReportReporter -->
<testsuite hostname="DESKTOP-IDB4V0D" failures="0" tests="1" name="weddings.library.com.StackingRings" time="28.842" errors="0" timestamp="2025-05-20T11:13:59 IST" skipped="0">
  <testcase classname="weddings.library.com.StackingRings" name="stackingRingsFlow" time="28.842"/>
  <system-out/>
</testsuite> <!-- weddings.library.com.StackingRings -->
