<?xml version="1.0" encoding="UTF-8"?>
<!-- Generated by org.testng.reporters.JUnitReportReporter -->
<testsuite hostname="DESKTOP-IDB4V0D" failures="0" tests="1" name="weddings.library.com.StackingRings" time="28.141" errors="0" timestamp="2025-05-22T13:07:17 IST" skipped="0">
  <testcase classname="weddings.library.com.StackingRings" name="stackingRingsFlow" time="28.141"/>
  <system-out/>
</testsuite> <!-- weddings.library.com.StackingRings -->
