<?xml version="1.0" encoding="UTF-8"?>
<!-- Generated by org.testng.reporters.JUnitReportReporter -->
<testsuite hostname="DESKTOP-IDB4V0D" failures="0" tests="2" name="weddings.library.com.EternityBand" time="32.258" errors="0" timestamp="2025-05-22T13:07:17 IST" skipped="1">
  <testcase classname="weddings.library.com.EternityBand" name="eternityBandFlow" time="6.695">
    <skipped/>
  </testcase> <!-- eternityBandFlow -->
  <system-out/>
  <testcase classname="weddings.library.com.EternityBand" name="eternityBandFlow" time="25.563"/>
  <system-out/>
</testsuite> <!-- weddings.library.com.EternityBand -->
