<?xml version="1.0" encoding="UTF-8"?>
<!-- Generated by org.testng.reporters.JUnitReportReporter -->
<testsuite hostname="DESKTOP-IDB4V0D" failures="0" tests="1" name="cartCheckout.RemovingWeddingProducts" time="55.536" errors="0" timestamp="2025-04-10T11:20:07 IST" skipped="0">
  <testcase classname="cartCheckout.RemovingWeddingProducts" name="removingWeddingProductsFromCart" time="55.536"/>
  <system-out/>
</testsuite> <!-- cartCheckout.RemovingWeddingProducts -->
