<?xml version="1.0" encoding="UTF-8"?>
<!-- Generated by org.testng.reporters.JUnitReportReporter -->
<testsuite hostname="DESKTOP-IDB4V0D" failures="0" tests="1" name="library.com.EngagementDiamondFlow" time="36.988" errors="0" timestamp="2025-04-23T11:01:06 IST" skipped="0">
  <testcase classname="library.com.EngagementDiamondFlow" name="startWithADiamond" time="36.988"/>
  <system-out/>
</testsuite> <!-- library.com.EngagementDiamondFlow -->
