<?xml version="1.0" encoding="UTF-8"?>
<!-- Generated by org.testng.reporters.JUnitReportReporter -->
<testsuite hostname="DESKTOP-IDB4V0D" failures="0" tests="1" name="jewelry.com.NecklacesFlow" time="33.385" errors="0" timestamp="2025-05-22T10:23:42 IST" skipped="0">
  <testcase classname="jewelry.com.NecklacesFlow" name="jewelryEarRingFlow" time="33.385"/>
  <system-out/>
</testsuite> <!-- jewelry.com.NecklacesFlow -->
