<?xml version="1.0" encoding="UTF-8"?>
<!-- Generated by org.testng.reporters.JUnitReportReporter -->
<testsuite hostname="DESKTOP-IDB4V0D" failures="0" tests="1" name="cartCheckout.DiamondsCombinationToCart" time="44.698" errors="0" timestamp="2025-04-23T11:01:06 IST" skipped="0">
  <testcase classname="cartCheckout.DiamondsCombinationToCart" name="defaultDiamondAndNormalDiamonds" time="44.698"/>
  <system-out/>
</testsuite> <!-- cartCheckout.DiamondsCombinationToCart -->
