<?xml version="1.0" encoding="UTF-8"?>
<!-- Generated by org.testng.reporters.JUnitReportReporter -->
<testsuite hostname="DESKTOP-IDB4V0D" failures="0" tests="1" name="jewelry.com.NecklacesFlow" time="34.407" errors="0" timestamp="2025-05-22T16:27:10 IST" skipped="0">
  <testcase classname="jewelry.com.NecklacesFlow" name="jewelryNecklaceFlow" time="34.407"/>
  <system-out/>
</testsuite> <!-- jewelry.com.NecklacesFlow -->
