<?xml version="1.0" encoding="UTF-8"?>
<!-- Generated by org.testng.reporters.JUnitReportReporter -->
<testsuite hostname="DESKTOP-IDB4V0D" failures="0" tests="1" name="jewelry.com.TennisBraceletsFlow" time="27.328" errors="0" timestamp="2025-05-22T16:27:10 IST" skipped="0">
  <testcase classname="jewelry.com.TennisBraceletsFlow" name="tennisBracelets" time="27.328"/>
  <system-out/>
</testsuite> <!-- jewelry.com.TennisBraceletsFlow -->
