<?xml version="1.0" encoding="UTF-8"?>
<!-- Generated by org.testng.reporters.JUnitReportReporter -->
<testsuite hostname="DESKTOP-IDB4V0D" failures="0" tests="1" name="library.com.EngagementDiamondFlow" time="32.260" errors="0" timestamp="2025-05-22T10:23:42 IST" skipped="0">
  <testcase classname="library.com.EngagementDiamondFlow" name="startWithADiamond" time="32.260"/>
  <system-out/>
</testsuite> <!-- library.com.EngagementDiamondFlow -->
