<?xml version="1.0" encoding="UTF-8"?>
<!-- Generated by org.testng.reporters.JUnitReportReporter -->
<testsuite hostname="DESKTOP-IDB4V0D" failures="0" tests="1" name="cartCheckout.SWADJewelry" time="38.100" errors="0" timestamp="2025-05-27T10:37:16 IST" skipped="0">
  <testcase classname="cartCheckout.SWADJewelry" name="removingProductsfromCart" time="38.100"/>
  <system-out/>
</testsuite> <!-- cartCheckout.SWADJewelry -->
