<?xml version="1.0" encoding="UTF-8"?>
<!-- Generated by org.testng.reporters.JUnitReportReporter -->
<testsuite hostname="DESKTOP-IDB4V0D" failures="0" tests="2" name="cartCheckout.SettingsJewelryWeddingItems" time="38.287" errors="0" timestamp="2025-05-20T10:23:03 IST" skipped="1">
  <testcase classname="cartCheckout.SettingsJewelryWeddingItems" name="cancelProductsFromCart" time="8.271">
    <skipped/>
  </testcase> <!-- cancelProductsFromCart -->
  <system-out/>
  <testcase classname="cartCheckout.SettingsJewelryWeddingItems" name="cancelProductsFromCart" time="30.016"/>
  <system-out/>
</testsuite> <!-- cartCheckout.SettingsJewelryWeddingItems -->
