<?xml version="1.0" encoding="UTF-8"?>
<!-- Generated by org.testng.reporters.JUnitReportReporter -->
<testsuite hostname="DESKTOP-IDB4V0D" failures="0" tests="1" name="library.com.InPersonLocationDropdown" time="141.959" errors="0" timestamp="2025-05-19T10:47:46 IST" skipped="0">
  <testcase classname="library.com.InPersonLocationDropdown" name="bookingAppointments" time="141.959"/>
  <system-out/>
</testsuite> <!-- library.com.InPersonLocationDropdown -->
