<?xml version="1.0" encoding="UTF-8"?>
<!-- Generated by org.testng.reporters.JUnitReportReporter -->
<testsuite hostname="DESKTOP-IDB4V0D" failures="0" tests="1" name="weddings.library.com.EternityBand" time="32.727" errors="0" timestamp="2025-04-25T10:45:22 IST" skipped="0">
  <testcase classname="weddings.library.com.EternityBand" name="eternityBandFlow" time="32.727"/>
  <system-out/>
</testsuite> <!-- weddings.library.com.EternityBand -->
