<?xml version="1.0" encoding="UTF-8"?>
<!-- Generated by org.testng.reporters.JUnitReportReporter -->
<testsuite hostname="DESKTOP-IDB4V0D" failures="0" tests="1" name="jewelry.com.TennisBraceletsFlow" time="19.963" errors="0" timestamp="2025-04-02T10:46:15 IST" skipped="0">
  <testcase classname="jewelry.com.TennisBraceletsFlow" name="tennisBracelets" time="19.963"/>
  <system-out/>
</testsuite> <!-- jewelry.com.TennisBraceletsFlow -->
