<?xml version="1.0" encoding="UTF-8"?>
<!-- Generated by org.testng.reporters.JUnitReportReporter -->
<testsuite hostname="DESKTOP-IDB4V0D" failures="0" tests="1" name="cartCheckout.SWADJewelry" time="22.727" errors="0" timestamp="2025-04-02T10:53:01 IST" skipped="0">
  <testcase classname="cartCheckout.SWADJewelry" name="scenario1" time="22.727"/>
  <system-out/>
</testsuite> <!-- cartCheckout.SWADJewelry -->
