<?xml version="1.0" encoding="UTF-8"?>
<!-- Generated by org.testng.reporters.JUnitReportReporter -->
<testsuite hostname="DESKTOP-IDB4V0D" failures="0" tests="1" name="cartCheckout.MultipleProductsToCheckout" time="28.476" errors="0" timestamp="2025-04-02T10:50:52 IST" skipped="0">
  <testcase classname="cartCheckout.MultipleProductsToCheckout" name="multipleProducts" time="28.476"/>
  <system-out/>
</testsuite> <!-- cartCheckout.MultipleProductsToCheckout -->
