<?xml version="1.0" encoding="UTF-8"?>
<!-- Generated by org.testng.reporters.JUnitReportReporter -->
<testsuite hostname="DESKTOP-IDB4V0D" failures="0" tests="1" name="weddings.library.com.GoldBands" time="34.794" errors="0" timestamp="2025-05-20T16:59:47 IST" skipped="0">
  <testcase classname="weddings.library.com.GoldBands" name="goldBands" time="34.794"/>
  <system-out/>
</testsuite> <!-- weddings.library.com.GoldBands -->
