<?xml version="1.0" encoding="UTF-8"?>
<!-- Generated by org.testng.reporters.JUnitReportReporter -->
<testsuite hostname="DESKTOP-IDB4V0D" failures="0" tests="1" name="library.com.ClientServicesDropdowns" time="89.550" errors="0" timestamp="2025-05-22T16:27:10 IST" skipped="0">
  <testcase classname="library.com.ClientServicesDropdowns" name="bookingAppointments" time="89.550"/>
  <system-out/>
</testsuite> <!-- library.com.ClientServicesDropdowns -->
