<?xml version="1.0" encoding="UTF-8"?>
<!-- Generated by org.testng.reporters.JUnitReportReporter -->
<testsuite hostname="DESKTOP-IDB4V0D" failures="0" tests="1" name="jewelry.com.GiftGuide" time="33.610" errors="0" timestamp="2025-04-23T11:01:06 IST" skipped="0">
  <testcase classname="jewelry.com.GiftGuide" name="giftGuideFlow" time="33.610"/>
  <system-out/>
</testsuite> <!-- jewelry.com.GiftGuide -->
