<?xml version="1.0" encoding="UTF-8"?>
<!-- Generated by org.testng.reporters.JUnitReportReporter -->
<testsuite hostname="DESKTOP-IDB4V0D" failures="0" tests="1" name="cartCheckout.MultipleProductsToCheckout" time="40.442" errors="0" timestamp="2025-05-20T10:23:03 IST" skipped="0">
  <testcase classname="cartCheckout.MultipleProductsToCheckout" name="addingMultipleProductsToCheckout" time="40.442"/>
  <system-out/>
</testsuite> <!-- cartCheckout.MultipleProductsToCheckout -->
