<?xml version="1.0" encoding="UTF-8"?>
<!-- Generated by org.testng.reporters.JUnitReportReporter -->
<testsuite hostname="DESKTOP-IDB4V0D" failures="0" tests="1" name="cartCheckout.DiamondsCombinationToCart" time="34.894" errors="0" timestamp="2025-05-27T11:03:32 IST" skipped="0">
  <testcase classname="cartCheckout.DiamondsCombinationToCart" name="defaultDiamondAndNormalDiamonds" time="34.894"/>
  <system-out/>
</testsuite> <!-- cartCheckout.DiamondsCombinationToCart -->
