<?xml version="1.0" encoding="UTF-8"?>
<!-- Generated by org.testng.reporters.JUnitReportReporter -->
<testsuite hostname="DESKTOP-IDB4V0D" failures="0" tests="2" name="jewelry.com.NecklacesFlow" time="62.901" errors="0" timestamp="2025-05-20T16:59:47 IST" skipped="1">
  <testcase classname="jewelry.com.NecklacesFlow" name="jewelryEarRingFlow" time="22.037">
    <skipped/>
  </testcase> <!-- jewelryEarRingFlow -->
  <system-out/>
  <testcase classname="jewelry.com.NecklacesFlow" name="jewelryEarRingFlow" time="40.864"/>
  <system-out/>
</testsuite> <!-- jewelry.com.NecklacesFlow -->
