<?xml version="1.0" encoding="UTF-8"?>
<!-- Generated by org.testng.reporters.JUnitReportReporter -->
<testsuite hostname="DESKTOP-IDB4V0D" failures="0" tests="1" name="cartCheckout.RemovingWeddingProducts" time="40.008" errors="0" timestamp="2025-05-27T10:37:16 IST" skipped="0">
  <testcase classname="cartCheckout.RemovingWeddingProducts" name="removingWeddingProductsFromCart" time="40.008"/>
  <system-out/>
</testsuite> <!-- cartCheckout.RemovingWeddingProducts -->
