<?xml version="1.0" encoding="UTF-8"?>
<!-- Generated by org.testng.reporters.JUnitReportReporter -->
<testsuite hostname="DESKTOP-IDB4V0D" failures="0" tests="1" name="cartCheckout.SettingsJewelryWeddingItems" time="29.542" errors="0" timestamp="2025-04-02T19:59:41 IST" skipped="0">
  <testcase classname="cartCheckout.SettingsJewelryWeddingItems" name="cancelProductsFromCart" time="29.542"/>
  <system-out/>
</testsuite> <!-- cartCheckout.SettingsJewelryWeddingItems -->
