<?xml version="1.0" encoding="UTF-8"?>
<!-- Generated by org.testng.reporters.JUnitReportReporter -->
<testsuite hostname="DESKTOP-IDB4V0D" failures="0" tests="1" name="library.com.LocationDropdown" time="122.568" errors="0" timestamp="2025-04-21T19:00:36 IST" skipped="0">
  <testcase classname="library.com.LocationDropdown" name="bookingAppointments" time="122.568"/>
  <system-out/>
</testsuite> <!-- library.com.LocationDropdown -->
