<?xml version="1.0" encoding="UTF-8"?>
<!-- Generated by org.testng.reporters.JUnitReportReporter -->
<testsuite hostname="DESKTOP-IDB4V0D" failures="0" tests="1" name="weddings.library.com.GoldBands" time="31.001" errors="0" timestamp="2025-05-22T16:27:10 IST" skipped="0">
  <testcase classname="weddings.library.com.GoldBands" name="goldBands" time="31.001"/>
  <system-out/>
</testsuite> <!-- weddings.library.com.GoldBands -->
