<?xml version="1.0" encoding="UTF-8"?>
<!-- Generated by org.testng.reporters.JUnitReportReporter -->
<testsuite hostname="DESKTOP-IDB4V0D" failures="0" tests="1" name="library.com.Engagement" time="14.166" errors="0" timestamp="2025-03-07T11:12:28 IST" skipped="0">
  <testcase classname="library.com.Engagement" name="startWithADiamond" time="14.166"/>
  <system-out/>
</testsuite> <!-- library.com.Engagement -->
