<?xml version="1.0" encoding="UTF-8"?>
<!-- Generated by org.testng.reporters.JUnitReportReporter -->
<testsuite hostname="DESKTOP-IDB4V0D" failures="0" tests="1" name="library.com.EngagementSettingFlow" time="28.047" errors="0" timestamp="2025-05-20T12:46:21 IST" skipped="0">
  <testcase classname="library.com.EngagementSettingFlow" name="startWithASetting" time="28.047"/>
  <system-out/>
</testsuite> <!-- library.com.EngagementSettingFlow -->
