<?xml version="1.0" encoding="UTF-8"?>
<!-- Generated by org.testng.reporters.JUnitReportReporter -->
<testsuite hostname="DESKTOP-IDB4V0D" failures="0" tests="1" name="library.com.ClientServicesDropdowns" time="90.685" errors="0" timestamp="2025-05-19T10:50:13 IST" skipped="0">
  <testcase classname="library.com.ClientServicesDropdowns" name="bookingAppointments" time="90.685"/>
  <system-out/>
</testsuite> <!-- library.com.ClientServicesDropdowns -->
