<?xml version="1.0" encoding="UTF-8"?>
<!-- Generated by org.testng.reporters.JUnitReportReporter -->
<testsuite hostname="DESKTOP-IDB4V0D" failures="0" tests="2" name="cartCheckout.RemovingJewelryProducts" time="57.864" errors="0" timestamp="2025-05-20T10:23:03 IST" skipped="1">
  <testcase classname="cartCheckout.RemovingJewelryProducts" name="removingJewelryProductsFromCart" time="40.445"/>
  <system-out/>
  <testcase classname="cartCheckout.RemovingJewelryProducts" name="removingJewelryProductsFromCart" time="17.419">
    <skipped/>
  </testcase> <!-- removingJewelryProductsFromCart -->
  <system-out/>
</testsuite> <!-- cartCheckout.RemovingJewelryProducts -->
