<?xml version="1.0" encoding="UTF-8"?>
<!-- Generated by org.testng.reporters.JUnitReportReporter -->
<testsuite hostname="DESKTOP-IDB4V0D" failures="0" tests="1" name="jewely.library.com.EarRing" time="21.636" errors="0" timestamp="2025-03-12T16:56:16 IST" skipped="0">
  <testcase classname="jewely.library.com.EarRing" name="earRingsFlow" time="21.636"/>
  <system-out/>
</testsuite> <!-- jewely.library.com.EarRing -->
