<?xml version="1.0" encoding="UTF-8"?>
<!-- Generated by org.testng.reporters.JUnitReportReporter -->
<testsuite hostname="DESKTOP-IDB4V0D" failures="0" tests="1" name="cartCheckout.RemovingJewelryWeddingProducts" time="58.898" errors="0" timestamp="2025-05-20T16:59:47 IST" skipped="0">
  <testcase classname="cartCheckout.RemovingJewelryWeddingProducts" name="RemovingTheProductsFromTheCart" time="58.898"/>
  <system-out/>
</testsuite> <!-- cartCheckout.RemovingJewelryWeddingProducts -->
