<?xml version="1.0" encoding="UTF-8"?>
<!-- Generated by org.testng.reporters.JUnitReportReporter -->
<testsuite hostname="DESKTOP-IDB4V0D" failures="0" tests="2" name="jewelry.com.TennisBraceletsFlow" time="51.417" errors="0" timestamp="2025-05-27T10:37:16 IST" skipped="1">
  <testcase classname="jewelry.com.TennisBraceletsFlow" name="tennisBracelets" time="22.702">
    <skipped/>
  </testcase> <!-- tennisBracelets -->
  <system-out/>
  <testcase classname="jewelry.com.TennisBraceletsFlow" name="tennisBracelets" time="28.715"/>
  <system-out/>
</testsuite> <!-- jewelry.com.TennisBraceletsFlow -->
