<?xml version="1.0" encoding="UTF-8"?>
<!-- Generated by org.testng.reporters.JUnitReportReporter -->
<testsuite hostname="DESKTOP-IDB4V0D" failures="0" tests="1" name="library.com.EngagementTest" time="19.151" errors="0" timestamp="2025-03-07T16:36:35 IST" skipped="0">
  <testcase classname="library.com.EngagementTest" name="startWithADiamond" time="19.151"/>
  <system-out/>
</testsuite> <!-- library.com.EngagementTest -->
