<?xml version="1.0" encoding="UTF-8"?>
<!-- Generated by org.testng.reporters.JUnitReportReporter -->
<testsuite hostname="DESKTOP-IDB4V0D" failures="0" tests="1" name="jewelry.com.NecklacesFlow" time="39.309" errors="0" timestamp="2025-04-23T11:01:06 IST" skipped="0">
  <testcase classname="jewelry.com.NecklacesFlow" name="jewelryEarRingFlow" time="39.309"/>
  <system-out/>
</testsuite> <!-- jewelry.com.NecklacesFlow -->
