<?xml version="1.0" encoding="UTF-8"?>
<!-- Generated by org.testng.reporters.JUnitReportReporter -->
<testsuite hostname="DESKTOP-IDB4V0D" failures="0" tests="1" name="weddings.library.com.MenWeddingBands" time="31.721" errors="0" timestamp="2025-04-10T11:45:21 IST" skipped="0">
  <testcase classname="weddings.library.com.MenWeddingBands" name="menWeddingBands" time="31.721"/>
  <system-out/>
</testsuite> <!-- weddings.library.com.MenWeddingBands -->
