<?xml version="1.0" encoding="UTF-8"?>
<!-- Generated by org.testng.reporters.JUnitReportReporter -->
<testsuite hostname="DESKTOP-IDB4V0D" failures="0" tests="2" name="jewelry.com.TennisBraceletsFlow" time="43.836" errors="0" timestamp="2025-04-25T10:45:22 IST" skipped="1">
  <testcase classname="jewelry.com.TennisBraceletsFlow" name="tennisBracelets" time="28.580"/>
  <system-out/>
  <testcase classname="jewelry.com.TennisBraceletsFlow" name="tennisBracelets" time="15.256">
    <skipped/>
  </testcase> <!-- tennisBracelets -->
  <system-out/>
</testsuite> <!-- jewelry.com.TennisBraceletsFlow -->
