<?xml version="1.0" encoding="UTF-8"?>
<!-- Generated by org.testng.reporters.JUnitReportReporter -->
<testsuite hostname="DESKTOP-IDB4V0D" failures="0" tests="2" name="weddings.library.com.AnniversaryRings" time="46.867" errors="0" timestamp="2025-04-25T10:45:22 IST" skipped="1">
  <testcase classname="weddings.library.com.AnniversaryRings" name="anniversaryRingFlow" time="41.755"/>
  <system-out/>
  <testcase classname="weddings.library.com.AnniversaryRings" name="anniversaryRingFlow" time="5.112">
    <skipped/>
  </testcase> <!-- anniversaryRingFlow -->
  <system-out/>
</testsuite> <!-- weddings.library.com.AnniversaryRings -->
