<?xml version="1.0" encoding="UTF-8"?>
<!-- Generated by org.testng.reporters.JUnitReportReporter -->
<testsuite hostname="DESKTOP-IDB4V0D" failures="0" tests="1" name="library.com.EngagementSettingFlow" time="20.806" errors="0" timestamp="2025-04-02T10:46:15 IST" skipped="0">
  <testcase classname="library.com.EngagementSettingFlow" name="startWithASetting" time="20.806"/>
  <system-out/>
</testsuite> <!-- library.com.EngagementSettingFlow -->
