<?xml version="1.0" encoding="UTF-8"?>
<!-- Generated by org.testng.reporters.JUnitReportReporter -->
<testsuite hostname="DESKTOP-IDB4V0D" failures="0" tests="1" name="jewelry.com.NecklacesFlow" time="33.727" errors="0" timestamp="2025-05-20T12:36:25 IST" skipped="0">
  <testcase classname="jewelry.com.NecklacesFlow" name="jewelryEarRingFlow" time="33.727"/>
  <system-out/>
</testsuite> <!-- jewelry.com.NecklacesFlow -->
