<?xml version="1.0" encoding="UTF-8"?>
<!-- Generated by org.testng.reporters.JUnitReportReporter -->
<testsuite hostname="DESKTOP-IDB4V0D" failures="0" tests="2" name="cartCheckout.RemovingJewelryProducts" time="69.647" errors="0" timestamp="2025-05-22T10:23:42 IST" skipped="1">
  <testcase classname="cartCheckout.RemovingJewelryProducts" name="removingJewelryProductsFromCart" time="39.492"/>
  <system-out/>
  <testcase classname="cartCheckout.RemovingJewelryProducts" name="removingJewelryProductsFromCart" time="30.155">
    <skipped/>
  </testcase> <!-- removingJewelryProductsFromCart -->
  <system-out/>
</testsuite> <!-- cartCheckout.RemovingJewelryProducts -->
