<?xml version="1.0" encoding="UTF-8"?>
<!-- Generated by org.testng.reporters.JUnitReportReporter -->
<testsuite hostname="DESKTOP-IDB4V0D" failures="0" tests="2" name="cartCheckout.MultipleDefaultDiamondsToCart" time="60.013" errors="0" timestamp="2025-05-20T10:23:03 IST" skipped="1">
  <testcase classname="cartCheckout.MultipleDefaultDiamondsToCart" name="defaultDiamondCombinations" time="25.884">
    <skipped/>
  </testcase> <!-- defaultDiamondCombinations -->
  <system-out/>
  <testcase classname="cartCheckout.MultipleDefaultDiamondsToCart" name="defaultDiamondCombinations" time="34.129"/>
  <system-out/>
</testsuite> <!-- cartCheckout.MultipleDefaultDiamondsToCart -->
