<?xml version="1.0" encoding="UTF-8"?>
<!-- Generated by org.testng.reporters.JUnitReportReporter -->
<testsuite hostname="DESKTOP-IDB4V0D" failures="0" tests="1" name="cartCheckout.MultipleDefaultDiamondsToCart" time="31.226" errors="0" timestamp="2025-04-10T11:42:34 IST" skipped="0">
  <testcase classname="cartCheckout.MultipleDefaultDiamondsToCart" name="defaultDiamondCombinations" time="31.226"/>
  <system-out/>
</testsuite> <!-- cartCheckout.MultipleDefaultDiamondsToCart -->
