<?xml version="1.0" encoding="UTF-8"?>
<!-- Generated by org.testng.reporters.JUnitReportReporter -->
<testsuite hostname="DESKTOP-IDB4V0D" failures="0" tests="1" name="cartCheckout.SettingsJewelryWeddingItems" time="34.191" errors="0" timestamp="2025-05-22T16:27:10 IST" skipped="0">
  <testcase classname="cartCheckout.SettingsJewelryWeddingItems" name="cancelProductsFromCart" time="34.191"/>
  <system-out/>
</testsuite> <!-- cartCheckout.SettingsJewelryWeddingItems -->
