<?xml version="1.0" encoding="UTF-8"?>
<!-- Generated by org.testng.reporters.JUnitReportReporter -->
<testsuite hostname="DESKTOP-IDB4V0D" failures="0" tests="1" name="jewely.library.com.EarRings" time="20.746" errors="0" timestamp="2025-03-12T14:36:51 IST" skipped="0">
  <testcase classname="jewely.library.com.EarRings" name="earRingsFlow" time="20.746"/>
  <system-out/>
</testsuite> <!-- jewely.library.com.EarRings -->
