<?xml version="1.0" encoding="UTF-8"?>
<!-- Generated by org.testng.reporters.JUnitReportReporter -->
<testsuite hostname="DESKTOP-IDB4V0D" failures="0" tests="1" name="weddings.library.com.DiamondBands" time="29.317" errors="0" timestamp="2025-04-23T11:01:06 IST" skipped="0">
  <testcase classname="weddings.library.com.DiamondBands" name="diamondBandFlow" time="29.317"/>
  <system-out/>
</testsuite> <!-- weddings.library.com.DiamondBands -->
