<?xml version="1.0" encoding="UTF-8"?>
<!-- Generated by org.testng.reporters.JUnitReportReporter -->
<testsuite hostname="DESKTOP-IDB4V0D" failures="0" tests="2" name="cartCheckout.MultipleDefaultDiamondsToCart" time="62.986" errors="0" timestamp="2025-04-25T10:45:22 IST" skipped="1">
  <testcase classname="cartCheckout.MultipleDefaultDiamondsToCart" name="defaultDiamondCombinations" time="40.334"/>
  <system-out/>
  <testcase classname="cartCheckout.MultipleDefaultDiamondsToCart" name="defaultDiamondCombinations" time="22.652">
    <skipped/>
  </testcase> <!-- defaultDiamondCombinations -->
  <system-out/>
</testsuite> <!-- cartCheckout.MultipleDefaultDiamondsToCart -->
