<?xml version="1.0" encoding="UTF-8"?>
<!-- Generated by org.testng.reporters.JUnitReportReporter -->
<testsuite hostname="DESKTOP-IDB4V0D" failures="0" tests="1" name="weddings.library.com.StackingRings" time="33.060" errors="0" timestamp="2025-04-10T11:20:07 IST" skipped="0">
  <testcase classname="weddings.library.com.StackingRings" name="stackingRingsFlow" time="33.060"/>
  <system-out/>
</testsuite> <!-- weddings.library.com.StackingRings -->
