<?xml version="1.0" encoding="UTF-8"?>
<!-- Generated by org.testng.reporters.JUnitReportReporter -->
<testsuite hostname="DESKTOP-IDB4V0D" failures="0" tests="1" name="weddings.library.com.EternityBand" time="28.495" errors="0" timestamp="2025-05-20T11:09:07 IST" skipped="0">
  <testcase classname="weddings.library.com.EternityBand" name="eternityBandFlow" time="28.495"/>
  <system-out/>
</testsuite> <!-- weddings.library.com.EternityBand -->
