<?xml version="1.0" encoding="UTF-8"?>
<!-- Generated by org.testng.reporters.JUnitReportReporter -->
<testsuite hostname="DESKTOP-IDB4V0D" failures="0" tests="2" name="weddings.library.com.GoldBands" time="42.127" errors="0" timestamp="2025-05-22T13:07:17 IST" skipped="1">
  <testcase classname="weddings.library.com.GoldBands" name="goldBands" time="28.317"/>
  <system-out/>
  <testcase classname="weddings.library.com.GoldBands" name="goldBands" time="13.810">
    <skipped/>
  </testcase> <!-- goldBands -->
  <system-out/>
</testsuite> <!-- weddings.library.com.GoldBands -->
