<?xml version="1.0" encoding="UTF-8"?>
<!-- Generated by org.testng.reporters.JUnitReportReporter -->
<testsuite hostname="DESKTOP-IDB4V0D" failures="0" tests="1" name="library.com.StartWithASettingFlow" time="20.943" errors="0" timestamp="2025-03-07T16:36:35 IST" skipped="0">
  <testcase classname="library.com.StartWithASettingFlow" name="startWithASetting" time="20.943"/>
  <system-out/>
</testsuite> <!-- library.com.StartWithASettingFlow -->
